<?xml version="1.0" encoding="UTF-8"?>
<!-- Generated by org.testng.reporters.JUnitXMLReporter -->
<testsuite ignored="0" hostname="Aketua" failures="0" tests="1" name="Validating user Login" time="0.524" errors="0" timestamp="2020-06-06T07:16:03 PDT">
  <testcase classname="E2E.copart.HomePage" name="@BeforeTest intial" time="0.23">
    <failure type="java.lang.IllegalStateException" message="The driver executable does not exist: C:\Users\Ake\Downloads\geckodriver-master\geckodriver-master.exe">
      <![CDATA[java.lang.IllegalStateException: The driver executable does not exist: C:\Users\Ake\Downloads\geckodriver-master\geckodriver-master.exe
at com.google.common.base.Preconditions.checkState(Preconditions.java:585)
at org.openqa.selenium.remote.service.DriverService.checkExecutable(DriverService.java:146)
at org.openqa.selenium.remote.service.DriverService.findExecutable(DriverService.java:141)
at org.openqa.selenium.firefox.GeckoDriverService.access$100(GeckoDriverService.java:44)
at org.openqa.selenium.firefox.GeckoDriverService$Builder.findDefaultExecutable(GeckoDriverService.java:167)
at org.openqa.selenium.remote.service.DriverService$Builder.build(DriverService.java:355)
at org.openqa.selenium.firefox.FirefoxDriver.toExecutor(FirefoxDriver.java:190)
at org.openqa.selenium.firefox.FirefoxDriver.<init>(FirefoxDriver.java:147)
at org.openqa.selenium.firefox.FirefoxDriver.<init>(FirefoxDriver.java:125)
at resources.Base.initializeBrowser(Base.java:38)
at E2E.copart.HomePage.intial(HomePage.java:26)
at java.base/java.util.concurrent.FutureTask.run(FutureTask.java:264)
at java.base/java.util.concurrent.ThreadPoolExecutor.runWorker(ThreadPoolExecutor.java:1128)
at java.base/java.util.concurrent.ThreadPoolExecutor$Worker.run(ThreadPoolExecutor.java:628)
at java.base/java.lang.Thread.run(Thread.java:834)
... Removed 15 stack frames]]>
    </failure>
  </testcase> <!-- @BeforeTest intial -->
  <testcase classname="E2E.copart.HomePage" name="@AfterTest teardown" time="-1.591452963165E9">
    <skipped/>
  </testcase> <!-- @AfterTest teardown -->
  <testcase classname="E2E.copart.HomePage" name="intialize" time="0.0">
    <skipped/>
  </testcase> <!-- intialize -->
</testsuite> <!-- Validating user Login -->
